Build started 2016-04-26 20:20:49.
     1>Project "C:\Users\Lucas\Github\Village_Prophecy\VillageProphecy\VillageProphecy\VillageProphecy.vcxproj" on node 2 (Build target(s)).
     1>ClCompile:
         C:\Program Files (x86)\Microsoft Visual Studio 12.0\VC\bin\CL.exe /c /I"D:\SFML-2.3.2\include" /ZI /nologo /W3 /WX- /sdl /Od /Oy- /D _MBCS /Gm /EHsc /RTC1 /MDd /GS /fp:precise /Zc:wchar_t /Zc:forScope /Fo"Debug\\" /Fd"Debug\vc120.pdb" /Gd /TP /analyze- /errorReport:prompt CombatGUI.cpp Enemy.cpp Game.cpp GameArea.cpp GameCombatLoop.cpp GameLoop.cpp HandleInput.cpp PlayerStatsManager.cpp Source.cpp VisualEnemy.cpp
         VisualEnemy.cpp
     1>c:\users\lucas\github\village_prophecy\villageprophecy\villageprophecy\visualenemy.cpp(71): warning C4244: 'argument' : conversion from 'time_t' to 'unsigned int', possible loss of data
         PlayerStatsManager.cpp
         Enemy.cpp
         Generating Code...
         Compiling...
         CombatGUI.cpp
     1>c:\users\lucas\github\village_prophecy\villageprophecy\villageprophecy\combatgui.cpp(40): warning C4018: '<' : signed/unsigned mismatch
     1>c:\users\lucas\github\village_prophecy\villageprophecy\villageprophecy\combatgui.cpp(50): warning C4244: 'argument' : conversion from 'unsigned int' to 'float', possible loss of data
     1>c:\users\lucas\github\village_prophecy\villageprophecy\villageprophecy\combatgui.cpp(126): warning C4018: '<' : signed/unsigned mismatch
     1>c:\users\lucas\github\village_prophecy\villageprophecy\villageprophecy\combatgui.cpp(167): warning C4244: 'argument' : conversion from 'unsigned int' to 'float', possible loss of data
         Generating Code...
         Skipping... (no relevant changes detected)
         Source.cpp
         HandleInput.cpp
         GameLoop.cpp
         GameCombatLoop.cpp
         GameArea.cpp
         Game.cpp
       Link:
         C:\Program Files (x86)\Microsoft Visual Studio 12.0\VC\bin\link.exe /ERRORREPORT:PROMPT /OUT:"C:\Users\Lucas\Github\Village_Prophecy\VillageProphecy\Debug\VillageProphecy.exe" /INCREMENTAL /NOLOGO /LIBPATH:"D:\SFML-2.3.2\lib" "sfml-graphics-d.lib" "sfml-window-d.lib" "sfml-system-d.lib" "sfml-main-d.lib" kernel32.lib user32.lib gdi32.lib winspool.lib comdlg32.lib advapi32.lib shell32.lib ole32.lib oleaut32.lib uuid.lib odbc32.lib odbccp32.lib /MANIFEST /MANIFESTUAC:"level='asInvoker' uiAccess='false'" /manifest:embed /DEBUG /PDB:"C:\Users\Lucas\Github\Village_Prophecy\VillageProphecy\Debug\VillageProphecy.pdb" /SUBSYSTEM:WINDOWS /TLBID:1 /DYNAMICBASE /NXCOMPAT /IMPLIB:"C:\Users\Lucas\Github\Village_Prophecy\VillageProphecy\Debug\VillageProphecy.lib" /MACHINE:X86 Debug\CombatGUI.obj
         Debug\Enemy.obj
         Debug\Game.obj
         Debug\GameArea.obj
         Debug\GameCombatLoop.obj
         Debug\GameItem.obj
         Debug\GameLoop.obj
         Debug\GameObject.obj
         Debug\GUIMaster.obj
         Debug\HandleInput.obj
         Debug\InGameMenuGUI.obj
         Debug\Inventory.obj
         Debug\Material.obj
         Debug\MaterialList.obj
         Debug\GameMessage.obj
         Debug\Path.obj
         Debug\Player.obj
         Debug\PlayerStatsManager.obj
         Debug\Source.obj
         Debug\VisualEnemy.obj
         VillageProphecy.vcxproj -> C:\Users\Lucas\Github\Village_Prophecy\VillageProphecy\Debug\VillageProphecy.exe
     1>Done Building Project "C:\Users\Lucas\Github\Village_Prophecy\VillageProphecy\VillageProphecy\VillageProphecy.vcxproj" (Build target(s)).

Build succeeded.

Time Elapsed 00:00:09.31
