c:\users\lucas\github\village_prophecy\villageprophecy\villageprophecy\debug\vc120.pdb
c:\users\lucas\github\village_prophecy\villageprophecy\villageprophecy\debug\vc120.idb
c:\users\lucas\github\village_prophecy\villageprophecy\villageprophecy\debug\source.obj
c:\users\lucas\github\village_prophecy\villageprophecy\villageprophecy\debug\gameloop.obj
c:\users\lucas\github\village_prophecy\villageprophecy\villageprophecy\debug\handleinput.obj
c:\users\lucas\github\village_prophecy\villageprophecy\villageprophecy\debug\player.obj
c:\users\lucas\github\village_prophecy\villageprophecy\villageprophecy\debug\guimaster.obj
c:\users\lucas\github\village_prophecy\villageprophecy\villageprophecy\debug\gamearea.obj
c:\users\lucas\github\village_prophecy\villageprophecy\villageprophecy\debug\path.obj
c:\users\lucas\github\village_prophecy\villageprophecy\villageprophecy\debug\gameitem.obj
c:\users\lucas\github\village_prophecy\villageprophecy\villageprophecy\debug\inventory.obj
c:\users\lucas\github\village_prophecy\villageprophecy\villageprophecy\debug\gameobject.obj
c:\users\lucas\github\village_prophecy\villageprophecy\villageprophecy\debug\materiallist.obj
c:\users\lucas\github\village_prophecy\villageprophecy\villageprophecy\debug\material.obj
c:\users\lucas\github\village_prophecy\villageprophecy\villageprophecy\debug\game.obj
c:\users\lucas\github\village_prophecy\villageprophecy\villageprophecy\debug\enemy.obj
c:\users\lucas\github\village_prophecy\villageprophecy\villageprophecy\debug\visualenemy.obj
c:\users\lucas\github\village_prophecy\villageprophecy\villageprophecy\debug\combatgui.obj
c:\users\lucas\github\village_prophecy\villageprophecy\villageprophecy\debug\gamecombatloop.obj
c:\users\lucas\github\village_prophecy\villageprophecy\villageprophecy\debug\ingamemenugui.obj
c:\users\lucas\github\village_prophecy\villageprophecy\villageprophecy\debug\gamemessage.obj
c:\users\lucas\github\village_prophecy\villageprophecy\villageprophecy\debug\playerstatsmanager.obj
c:\users\lucas\github\village_prophecy\villageprophecy\villageprophecy\debug\playerlevel.obj
c:\users\lucas\github\village_prophecy\villageprophecy\villageprophecy\debug\skill_heavystrike.obj
c:\users\lucas\github\village_prophecy\villageprophecy\villageprophecy\debug\playerskillmanager.obj
c:\users\lucas\github\village_prophecy\villageprophecy\debug\villageprophecy.ilk
c:\users\lucas\github\village_prophecy\villageprophecy\debug\villageprophecy.exe
c:\users\lucas\github\village_prophecy\villageprophecy\debug\villageprophecy.pdb
c:\users\lucas\github\village_prophecy\villageprophecy\villageprophecy\debug\villageprophecy.tlog\cl.command.1.tlog
c:\users\lucas\github\village_prophecy\villageprophecy\villageprophecy\debug\villageprophecy.tlog\cl.read.1.tlog
c:\users\lucas\github\village_prophecy\villageprophecy\villageprophecy\debug\villageprophecy.tlog\cl.write.1.tlog
c:\users\lucas\github\village_prophecy\villageprophecy\villageprophecy\debug\villageprophecy.tlog\link.command.1.tlog
c:\users\lucas\github\village_prophecy\villageprophecy\villageprophecy\debug\villageprophecy.tlog\link.read.1.tlog
c:\users\lucas\github\village_prophecy\villageprophecy\villageprophecy\debug\villageprophecy.tlog\link.write.1.tlog
